07-12 21:27:47 com_github_MitjaNemec_PlaceFootprints.action_place_footprints 647:Plugin executed on: 'win32'
07-12 21:27:47 com_github_MitjaNemec_PlaceFootprints.action_place_footprints 648:Plugin executed with python version: '3.11.5 (main, May 10 2024, 05:24:12) [MSC v.1939 64 bit (AMD64)]'
07-12 21:27:47 com_github_MitjaNemec_PlaceFootprints.action_place_footprints 649:KiCad build version: 8.0.3
07-12 21:27:47 com_github_MitjaNemec_PlaceFootprints.action_place_footprints 650:Plugin version: 3.0.0
07-12 21:27:47 com_github_MitjaNemec_PlaceFootprints.action_place_footprints 651:Frame repr: <wx._core.Frame object at 0x000002010E815F30>
07-12 21:27:47 com_github_MitjaNemec_PlaceFootprints.place_footprints 121:getting a list of all footprints on board
07-12 21:27:47 com_github_MitjaNemec_PlaceFootprints.place_footprints 156:Footprint U15 on root level
07-12 21:27:47 com_github_MitjaNemec_PlaceFootprints.place_footprints 156:Footprint U2 on root level
07-12 21:27:47 com_github_MitjaNemec_PlaceFootprints.place_footprints 156:Footprint C18 on root level
07-12 21:27:47 com_github_MitjaNemec_PlaceFootprints.place_footprints 156:Footprint C17 on root level
07-12 21:27:47 com_github_MitjaNemec_PlaceFootprints.place_footprints 156:Footprint C16 on root level
07-12 21:27:47 com_github_MitjaNemec_PlaceFootprints.place_footprints 156:Footprint C15 on root level
07-12 21:27:47 com_github_MitjaNemec_PlaceFootprints.place_footprints 156:Footprint C11 on root level
07-12 21:27:47 com_github_MitjaNemec_PlaceFootprints.place_footprints 156:Footprint C10 on root level
07-12 21:27:47 com_github_MitjaNemec_PlaceFootprints.place_footprints 156:Footprint C9 on root level
07-12 21:27:47 com_github_MitjaNemec_PlaceFootprints.place_footprints 156:Footprint C8 on root level
07-12 21:27:47 com_github_MitjaNemec_PlaceFootprints.place_footprints 156:Footprint J5 on root level
07-12 21:27:47 com_github_MitjaNemec_PlaceFootprints.place_footprints 156:Footprint J1 on root level
07-12 21:27:48 com_github_MitjaNemec_PlaceFootprints.action_place_footprints 830:Reference designator is: R
07-12 21:27:48 com_github_MitjaNemec_PlaceFootprints.action_place_footprints 831:Reference number is: 20
07-12 21:27:48 com_github_MitjaNemec_PlaceFootprints.action_place_footprints 863:Sorted and filtered list:
['R1', 'R2', 'R3', 'R4', 'R5', 'R6', 'R7', 'R8', 'R9', 'R10', 'R11', 'R12', 'R13', 'R14', 'R15', 'R16', 'R17', 'R18', 'R19', 'R20', 'R21', 'R22', 'R23', 'R24', 'R25', 'R26', 'R27', 'R28', 'R29', 'R30', 'R31', 'R32', 'R33', 'R34', 'R35', 'R36', 'R37', 'R38', 'R39', 'R40', 'R41', 'R42', 'R43', 'R44', 'R45', 'R46', 'R47', 'R48', 'R49', 'R50', 'R51', 'R52', 'R53', 'R54', 'R55', 'R56', 'R57', 'R58', 'R59', 'R60', 'R61', 'R62', 'R63', 'R64', 'R65', 'R66']
07-12 21:27:48 com_github_MitjaNemec_PlaceFootprints.action_place_footprints 359:wx.Colour(240, 240, 240, 255)
07-12 21:27:53 com_github_MitjaNemec_PlaceFootprints.action_place_footprints 490:'4'
07-12 21:27:53 com_github_MitjaNemec_PlaceFootprints.action_place_footprints 536:Preparing config for reference linear
07-12 21:27:53 com_github_MitjaNemec_PlaceFootprints.action_place_footprints 556:Saving config file
07-12 21:27:53 com_github_MitjaNemec_PlaceFootprints.action_place_footprints 558:Saved the config file
07-12 21:27:53 com_github_MitjaNemec_PlaceFootprints.action_place_footprints 901:Footprints to place:
['R16', 'R17', 'R18', 'R19', 'R20']
07-12 21:27:53 com_github_MitjaNemec_PlaceFootprints.place_footprints 367:Starting placing with linear layout
07-12 21:27:53 com_github_MitjaNemec_PlaceFootprints.action_place_footprints 942:Placing complete
